2021/11/02 00:46:32 [emerg] 1#1: host not found in upstream "pricing-bff-php" in /etc/nginx/conf.d/default.conf:29
2021/11/02 00:48:12 [emerg] 1#1: host not found in upstream "pricing-bff-php" in /etc/nginx/conf.d/default.conf:29
2021/11/02 00:51:35 [emerg] 1#1: directive "listen" is not terminated by ";" in /etc/nginx/conf.d/default.conf:45
2021/11/02 01:03:26 [emerg] 1#1: no "ssl_certificate" is defined for the "listen ... ssl" directive in /etc/nginx/conf.d/default.conf:1
2021/11/02 01:06:23 [notice] 1#1: using the "epoll" event method
2021/11/02 01:06:23 [notice] 1#1: nginx/1.21.1
2021/11/02 01:06:23 [notice] 1#1: built by gcc 10.3.1 20210424 (Alpine 10.3.1_git20210424) 
2021/11/02 01:06:23 [notice] 1#1: OS: Linux 5.11.0-38-generic
2021/11/02 01:06:23 [notice] 1#1: getrlimit(RLIMIT_NOFILE): 1048576:1048576
2021/11/02 01:06:23 [notice] 1#1: start worker processes
2021/11/02 01:06:23 [notice] 1#1: start worker process 32
2021/11/02 01:06:23 [notice] 1#1: start worker process 33
2021/11/02 01:06:23 [notice] 1#1: start worker process 34
2021/11/02 01:06:23 [notice] 1#1: start worker process 35
2021/11/02 01:06:23 [notice] 1#1: start worker process 36
2021/11/02 01:06:23 [notice] 1#1: start worker process 37
2021/11/02 01:06:23 [notice] 1#1: start worker process 38
2021/11/02 01:06:23 [notice] 1#1: start worker process 39
2021/11/02 01:06:34 [error] 32#32: *1 FastCGI sent in stderr: "Primary script unknown" while reading response header from upstream, client: 172.25.0.1, server: localhost, request: "GET / HTTP/1.1", upstream: "fastcgi://172.25.0.2:9000", host: "localhost:8001"
2021/11/02 01:06:34 [error] 32#32: *1 FastCGI sent in stderr: "Primary script unknown" while reading response header from upstream, client: 172.25.0.1, server: localhost, request: "GET /favicon.ico HTTP/1.1", upstream: "fastcgi://172.25.0.2:9000", host: "localhost:8001", referrer: "http://localhost:8001/"
2021/11/02 01:07:33 [error] 32#32: *1 FastCGI sent in stderr: "Primary script unknown" while reading response header from upstream, client: 172.25.0.1, server: localhost, request: "GET / HTTP/1.1", upstream: "fastcgi://172.25.0.2:9000", host: "localhost:8001"
2021/11/02 01:07:35 [error] 32#32: *1 FastCGI sent in stderr: "Primary script unknown" while reading response header from upstream, client: 172.25.0.1, server: localhost, request: "GET / HTTP/1.1", upstream: "fastcgi://172.25.0.2:9000", host: "localhost:8001"
2021/11/02 01:08:00 [error] 32#32: *1 FastCGI sent in stderr: "Primary script unknown" while reading response header from upstream, client: 172.25.0.1, server: localhost, request: "GET / HTTP/1.1", upstream: "fastcgi://172.25.0.2:9000", host: "localhost:8001"
2021/11/02 01:08:01 [error] 32#32: *1 FastCGI sent in stderr: "Primary script unknown" while reading response header from upstream, client: 172.25.0.1, server: localhost, request: "GET / HTTP/1.1", upstream: "fastcgi://172.25.0.2:9000", host: "localhost:8001"
2021/11/02 01:09:05 [notice] 1#1: signal 3 (SIGQUIT) received, shutting down
2021/11/02 01:09:05 [notice] 33#33: gracefully shutting down
2021/11/02 01:09:05 [notice] 33#33: exiting
2021/11/02 01:09:05 [notice] 34#34: gracefully shutting down
2021/11/02 01:09:05 [notice] 34#34: exiting
2021/11/02 01:09:05 [notice] 33#33: exit
2021/11/02 01:09:05 [notice] 34#34: exit
2021/11/02 01:09:05 [notice] 32#32: gracefully shutting down
2021/11/02 01:09:05 [notice] 32#32: exiting
2021/11/02 01:09:05 [notice] 38#38: gracefully shutting down
2021/11/02 01:09:05 [notice] 38#38: exiting
2021/11/02 01:09:05 [notice] 32#32: exit
2021/11/02 01:09:05 [notice] 35#35: gracefully shutting down
2021/11/02 01:09:05 [notice] 35#35: exiting
2021/11/02 01:09:05 [notice] 38#38: exit
2021/11/02 01:09:05 [notice] 35#35: exit
2021/11/02 01:09:05 [notice] 37#37: gracefully shutting down
2021/11/02 01:09:05 [notice] 37#37: exiting
2021/11/02 01:09:05 [notice] 39#39: gracefully shutting down
2021/11/02 01:09:05 [notice] 39#39: exiting
2021/11/02 01:09:05 [notice] 37#37: exit
2021/11/02 01:09:05 [notice] 39#39: exit
2021/11/02 01:09:05 [notice] 36#36: gracefully shutting down
2021/11/02 01:09:05 [notice] 36#36: exiting
2021/11/02 01:09:05 [notice] 36#36: exit
2021/11/02 01:09:05 [notice] 1#1: signal 17 (SIGCHLD) received from 35
2021/11/02 01:09:05 [notice] 1#1: worker process 34 exited with code 0
2021/11/02 01:09:05 [notice] 1#1: worker process 35 exited with code 0
2021/11/02 01:09:05 [notice] 1#1: worker process 39 exited with code 0
2021/11/02 01:09:05 [notice] 1#1: signal 29 (SIGIO) received
2021/11/02 01:09:05 [notice] 1#1: signal 17 (SIGCHLD) received from 34
2021/11/02 01:09:05 [notice] 1#1: signal 17 (SIGCHLD) received from 33
2021/11/02 01:09:05 [notice] 1#1: worker process 33 exited with code 0
2021/11/02 01:09:05 [notice] 1#1: worker process 37 exited with code 0
2021/11/02 01:09:05 [notice] 1#1: signal 29 (SIGIO) received
2021/11/02 01:09:05 [notice] 1#1: signal 17 (SIGCHLD) received from 37
2021/11/02 01:09:05 [notice] 1#1: signal 17 (SIGCHLD) received from 38
2021/11/02 01:09:05 [notice] 1#1: worker process 38 exited with code 0
2021/11/02 01:09:05 [notice] 1#1: signal 29 (SIGIO) received
2021/11/02 01:09:05 [notice] 1#1: signal 17 (SIGCHLD) received from 32
2021/11/02 01:09:05 [notice] 1#1: worker process 32 exited with code 0
2021/11/02 01:09:05 [notice] 1#1: signal 29 (SIGIO) received
2021/11/02 01:09:05 [notice] 1#1: signal 17 (SIGCHLD) received from 36
2021/11/02 01:09:05 [notice] 1#1: worker process 36 exited with code 0
2021/11/02 01:09:05 [notice] 1#1: exit
2021/11/02 01:09:15 [notice] 1#1: using the "epoll" event method
2021/11/02 01:09:15 [notice] 1#1: nginx/1.21.1
2021/11/02 01:09:15 [notice] 1#1: built by gcc 10.3.1 20210424 (Alpine 10.3.1_git20210424) 
2021/11/02 01:09:15 [notice] 1#1: OS: Linux 5.11.0-38-generic
2021/11/02 01:09:15 [notice] 1#1: getrlimit(RLIMIT_NOFILE): 1048576:1048576
2021/11/02 01:09:15 [notice] 1#1: start worker processes
2021/11/02 01:09:15 [notice] 1#1: start worker process 31
2021/11/02 01:09:15 [notice] 1#1: start worker process 32
2021/11/02 01:09:15 [notice] 1#1: start worker process 33
2021/11/02 01:09:15 [notice] 1#1: start worker process 34
2021/11/02 01:09:15 [notice] 1#1: start worker process 35
2021/11/02 01:09:15 [notice] 1#1: start worker process 36
2021/11/02 01:09:15 [notice] 1#1: start worker process 37
2021/11/02 01:09:15 [notice] 1#1: start worker process 38
2021/11/02 01:43:51 [notice] 1#1: signal 3 (SIGQUIT) received, shutting down
2021/11/02 01:43:51 [notice] 31#31: gracefully shutting down
2021/11/02 01:43:51 [notice] 31#31: exiting
2021/11/02 01:43:51 [notice] 32#32: gracefully shutting down
2021/11/02 01:43:51 [notice] 32#32: exiting
2021/11/02 01:43:51 [notice] 37#37: gracefully shutting down
2021/11/02 01:43:51 [notice] 37#37: exiting
2021/11/02 01:43:51 [notice] 34#34: gracefully shutting down
2021/11/02 01:43:51 [notice] 34#34: exiting
2021/11/02 01:43:51 [notice] 36#36: gracefully shutting down
2021/11/02 01:43:51 [notice] 36#36: exiting
2021/11/02 01:43:51 [notice] 33#33: gracefully shutting down
2021/11/02 01:43:51 [notice] 35#35: gracefully shutting down
2021/11/02 01:43:51 [notice] 33#33: exiting
2021/11/02 01:43:51 [notice] 35#35: exiting
2021/11/02 01:43:51 [notice] 38#38: gracefully shutting down
2021/11/02 01:43:51 [notice] 38#38: exiting
2021/11/02 01:43:51 [notice] 32#32: exit
2021/11/02 01:43:51 [notice] 37#37: exit
2021/11/02 01:43:51 [notice] 35#35: exit
2021/11/02 01:43:51 [notice] 31#31: exit
2021/11/02 01:43:51 [notice] 33#33: exit
2021/11/02 01:43:51 [notice] 38#38: exit
2021/11/02 01:43:51 [notice] 34#34: exit
2021/11/02 01:43:51 [notice] 36#36: exit
2021/11/02 01:43:51 [notice] 1#1: signal 17 (SIGCHLD) received from 33
2021/11/02 01:43:51 [notice] 1#1: worker process 33 exited with code 0
2021/11/02 01:43:51 [notice] 1#1: worker process 37 exited with code 0
2021/11/02 01:43:51 [notice] 1#1: signal 29 (SIGIO) received
2021/11/02 01:43:51 [notice] 1#1: signal 17 (SIGCHLD) received from 37
2021/11/02 01:43:51 [notice] 1#1: signal 17 (SIGCHLD) received from 34
2021/11/02 01:43:51 [notice] 1#1: worker process 34 exited with code 0
2021/11/02 01:43:51 [notice] 1#1: signal 29 (SIGIO) received
2021/11/02 01:43:51 [notice] 1#1: signal 17 (SIGCHLD) received from 36
2021/11/02 01:43:51 [notice] 1#1: worker process 36 exited with code 0
2021/11/02 01:43:51 [notice] 1#1: signal 29 (SIGIO) received
2021/11/02 01:43:51 [notice] 1#1: signal 17 (SIGCHLD) received from 38
2021/11/02 01:43:51 [notice] 1#1: worker process 35 exited with code 0
2021/11/02 01:43:51 [notice] 1#1: worker process 38 exited with code 0
2021/11/02 01:43:51 [notice] 1#1: signal 29 (SIGIO) received
2021/11/02 01:43:51 [notice] 1#1: signal 17 (SIGCHLD) received from 31
2021/11/02 01:43:51 [notice] 1#1: worker process 31 exited with code 0
2021/11/02 01:43:51 [notice] 1#1: signal 29 (SIGIO) received
2021/11/02 01:43:51 [notice] 1#1: signal 17 (SIGCHLD) received from 32
2021/11/02 01:43:51 [notice] 1#1: worker process 32 exited with code 0
2021/11/02 01:43:51 [notice] 1#1: exit
2022/02/10 01:07:07 [notice] 1#1: using the "epoll" event method
2022/02/10 01:07:07 [notice] 1#1: nginx/1.21.1
2022/02/10 01:07:07 [notice] 1#1: built by gcc 10.3.1 20210424 (Alpine 10.3.1_git20210424) 
2022/02/10 01:07:07 [notice] 1#1: OS: Linux 5.13.0-28-generic
2022/02/10 01:07:07 [notice] 1#1: getrlimit(RLIMIT_NOFILE): 1048576:1048576
2022/02/10 01:07:07 [notice] 1#1: start worker processes
2022/02/10 01:07:07 [notice] 1#1: start worker process 31
2022/02/10 01:07:07 [notice] 1#1: start worker process 32
2022/02/10 01:07:07 [notice] 1#1: start worker process 33
2022/02/10 01:07:07 [notice] 1#1: start worker process 34
2022/02/10 01:07:07 [notice] 1#1: start worker process 35
2022/02/10 01:07:07 [notice] 1#1: start worker process 36
2022/02/10 01:07:07 [notice] 1#1: start worker process 37
2022/02/10 01:07:07 [notice] 1#1: start worker process 38
2022/02/10 01:07:15 [error] 31#31: *1 connect() failed (113: Host is unreachable) while connecting to upstream, client: 172.24.0.1, server: localhost, request: "GET / HTTP/1.1", upstream: "fastcgi://172.24.0.3:9000", host: "localhost:8001"
2022/02/10 01:07:18 [error] 31#31: *1 connect() failed (113: Host is unreachable) while connecting to upstream, client: 172.24.0.1, server: localhost, request: "GET /favicon.ico HTTP/1.1", upstream: "fastcgi://172.24.0.3:9000", host: "localhost:8001", referrer: "http://localhost:8001/"
2022/02/10 01:07:21 [notice] 1#1: signal 3 (SIGQUIT) received, shutting down
2022/02/10 01:07:21 [notice] 33#33: gracefully shutting down
2022/02/10 01:07:21 [notice] 34#34: gracefully shutting down
2022/02/10 01:07:21 [notice] 36#36: gracefully shutting down
2022/02/10 01:07:21 [notice] 33#33: exiting
2022/02/10 01:07:21 [notice] 38#38: gracefully shutting down
2022/02/10 01:07:21 [notice] 34#34: exiting
2022/02/10 01:07:21 [notice] 36#36: exiting
2022/02/10 01:07:21 [notice] 38#38: exiting
2022/02/10 01:07:21 [notice] 36#36: exit
2022/02/10 01:07:21 [notice] 34#34: exit
2022/02/10 01:07:21 [notice] 38#38: exit
2022/02/10 01:07:21 [notice] 33#33: exit
2022/02/10 01:07:21 [notice] 31#31: gracefully shutting down
2022/02/10 01:07:21 [notice] 35#35: gracefully shutting down
2022/02/10 01:07:21 [notice] 31#31: exiting
2022/02/10 01:07:21 [notice] 35#35: exiting
2022/02/10 01:07:21 [notice] 35#35: exit
2022/02/10 01:07:21 [notice] 31#31: exit
2022/02/10 01:07:21 [notice] 32#32: gracefully shutting down
2022/02/10 01:07:21 [notice] 37#37: gracefully shutting down
2022/02/10 01:07:21 [notice] 37#37: exiting
2022/02/10 01:07:21 [notice] 37#37: exit
2022/02/10 01:07:21 [notice] 1#1: signal 17 (SIGCHLD) received from 36
2022/02/10 01:07:21 [notice] 1#1: worker process 33 exited with code 0
2022/02/10 01:07:21 [notice] 1#1: worker process 34 exited with code 0
2022/02/10 01:07:21 [notice] 1#1: worker process 35 exited with code 0
2022/02/10 01:07:21 [notice] 1#1: worker process 36 exited with code 0
2022/02/10 01:07:21 [notice] 1#1: worker process 37 exited with code 0
2022/02/10 01:07:21 [notice] 1#1: worker process 38 exited with code 0
2022/02/10 01:07:21 [notice] 1#1: signal 29 (SIGIO) received
2022/02/10 01:07:21 [notice] 1#1: signal 17 (SIGCHLD) received from 31
2022/02/10 01:07:21 [notice] 1#1: worker process 31 exited with code 0
2022/02/10 01:07:21 [notice] 1#1: signal 29 (SIGIO) received
2022/02/10 01:11:59 [notice] 1#1: using the "epoll" event method
2022/02/10 01:11:59 [notice] 1#1: nginx/1.21.1
2022/02/10 01:11:59 [notice] 1#1: built by gcc 10.3.1 20210424 (Alpine 10.3.1_git20210424) 
2022/02/10 01:11:59 [notice] 1#1: OS: Linux 5.13.0-28-generic
2022/02/10 01:11:59 [notice] 1#1: getrlimit(RLIMIT_NOFILE): 1048576:1048576
2022/02/10 01:11:59 [notice] 1#1: start worker processes
2022/02/10 01:11:59 [notice] 1#1: start worker process 31
2022/02/10 01:11:59 [notice] 1#1: start worker process 32
2022/02/10 01:11:59 [notice] 1#1: start worker process 33
2022/02/10 01:11:59 [notice] 1#1: start worker process 34
2022/02/10 01:11:59 [notice] 1#1: start worker process 35
2022/02/10 01:11:59 [notice] 1#1: start worker process 36
2022/02/10 01:11:59 [notice] 1#1: start worker process 37
2022/02/10 01:11:59 [notice] 1#1: start worker process 38
2022/02/10 01:33:07 [notice] 1#1: signal 3 (SIGQUIT) received, shutting down
2022/02/10 01:33:07 [notice] 31#31: gracefully shutting down
2022/02/10 01:33:07 [notice] 33#33: gracefully shutting down
2022/02/10 01:33:07 [notice] 35#35: gracefully shutting down
2022/02/10 01:33:07 [notice] 33#33: exiting
2022/02/10 01:33:07 [notice] 35#35: exiting
2022/02/10 01:33:07 [notice] 37#37: gracefully shutting down
2022/02/10 01:33:07 [notice] 37#37: exiting
2022/02/10 01:33:07 [notice] 34#34: gracefully shutting down
2022/02/10 01:33:07 [notice] 34#34: exiting
2022/02/10 01:33:07 [notice] 38#38: gracefully shutting down
2022/02/10 01:33:07 [notice] 38#38: exiting
2022/02/10 01:33:07 [notice] 36#36: gracefully shutting down
2022/02/10 01:33:07 [notice] 36#36: exiting
2022/02/10 01:33:07 [notice] 32#32: gracefully shutting down
2022/02/10 01:33:07 [notice] 32#32: exiting
2022/02/10 01:33:07 [notice] 34#34: exit
2022/02/10 01:33:07 [notice] 33#33: exit
2022/02/10 01:33:07 [notice] 38#38: exit
2022/02/10 01:33:07 [notice] 35#35: exit
2022/02/10 01:33:07 [notice] 36#36: exit
2022/02/10 01:33:07 [notice] 37#37: exit
2022/02/10 01:33:07 [notice] 32#32: exit
2022/02/10 01:33:07 [notice] 1#1: signal 17 (SIGCHLD) received from 33
2022/02/10 01:33:07 [notice] 1#1: worker process 33 exited with code 0
2022/02/10 01:33:07 [notice] 1#1: worker process 34 exited with code 0
2022/02/10 01:33:07 [notice] 1#1: signal 29 (SIGIO) received
2022/02/10 01:33:07 [notice] 1#1: signal 17 (SIGCHLD) received from 34
2022/02/10 01:33:07 [notice] 1#1: signal 17 (SIGCHLD) received from 38
2022/02/10 01:33:07 [notice] 1#1: worker process 38 exited with code 0
2022/02/10 01:33:07 [notice] 1#1: signal 29 (SIGIO) received
2022/02/10 01:33:07 [notice] 1#1: signal 17 (SIGCHLD) received from 37
2022/02/10 01:33:07 [notice] 1#1: worker process 37 exited with code 0
2022/02/10 01:33:07 [notice] 1#1: signal 29 (SIGIO) received
2022/02/10 01:33:07 [notice] 1#1: signal 17 (SIGCHLD) received from 36
2022/02/10 01:33:07 [notice] 1#1: worker process 36 exited with code 0
2022/02/10 01:33:07 [notice] 1#1: signal 29 (SIGIO) received
2022/02/10 01:33:07 [notice] 1#1: signal 17 (SIGCHLD) received from 35
2022/02/10 01:33:07 [notice] 1#1: worker process 35 exited with code 0
2022/02/10 01:33:07 [notice] 1#1: signal 29 (SIGIO) received
2022/02/10 01:33:07 [notice] 1#1: signal 17 (SIGCHLD) received from 32
2022/02/10 01:33:07 [notice] 1#1: worker process 32 exited with code 0
2022/02/10 01:33:07 [notice] 1#1: signal 29 (SIGIO) received
2022/02/10 01:33:07 [notice] 31#31: exiting
2022/02/10 01:33:07 [notice] 31#31: exit
2022/02/10 01:33:07 [notice] 1#1: signal 17 (SIGCHLD) received from 31
2022/02/10 01:33:07 [notice] 1#1: worker process 31 exited with code 0
2022/02/10 01:33:07 [notice] 1#1: exit
2022/02/10 01:33:23 [notice] 1#1: using the "epoll" event method
2022/02/10 01:33:23 [notice] 1#1: nginx/1.21.1
2022/02/10 01:33:23 [notice] 1#1: built by gcc 10.3.1 20210424 (Alpine 10.3.1_git20210424) 
2022/02/10 01:33:23 [notice] 1#1: OS: Linux 5.13.0-28-generic
2022/02/10 01:33:23 [notice] 1#1: getrlimit(RLIMIT_NOFILE): 1048576:1048576
2022/02/10 01:33:23 [notice] 1#1: start worker processes
2022/02/10 01:33:23 [notice] 1#1: start worker process 31
2022/02/10 01:33:23 [notice] 1#1: start worker process 32
2022/02/10 01:33:23 [notice] 1#1: start worker process 33
2022/02/10 01:33:23 [notice] 1#1: start worker process 34
2022/02/10 01:33:23 [notice] 1#1: start worker process 35
2022/02/10 01:33:23 [notice] 1#1: start worker process 36
2022/02/10 01:33:23 [notice] 1#1: start worker process 37
2022/02/10 01:33:23 [notice] 1#1: start worker process 38
2022/02/10 03:01:00 [notice] 1#1: signal 3 (SIGQUIT) received, shutting down
2022/02/10 03:01:00 [notice] 31#31: gracefully shutting down
2022/02/10 03:01:00 [notice] 35#35: gracefully shutting down
2022/02/10 03:01:00 [notice] 31#31: exiting
2022/02/10 03:01:00 [notice] 37#37: gracefully shutting down
2022/02/10 03:01:00 [notice] 34#34: gracefully shutting down
2022/02/10 03:01:00 [notice] 35#35: exiting
2022/02/10 03:01:00 [notice] 37#37: exiting
2022/02/10 03:01:00 [notice] 34#34: exiting
2022/02/10 03:01:00 [notice] 38#38: gracefully shutting down
2022/02/10 03:01:00 [notice] 38#38: exiting
2022/02/10 03:01:00 [notice] 36#36: gracefully shutting down
2022/02/10 03:01:00 [notice] 36#36: exiting
2022/02/10 03:01:00 [notice] 32#32: gracefully shutting down
2022/02/10 03:01:00 [notice] 33#33: gracefully shutting down
2022/02/10 03:01:00 [notice] 33#33: exiting
2022/02/10 03:01:00 [notice] 34#34: exit
2022/02/10 03:01:00 [notice] 36#36: exit
2022/02/10 03:01:00 [notice] 38#38: exit
2022/02/10 03:01:00 [notice] 33#33: exit
2022/02/10 03:01:00 [notice] 35#35: exit
2022/02/10 03:01:00 [notice] 31#31: exit
2022/02/10 03:01:00 [notice] 37#37: exit
2022/02/10 03:01:00 [notice] 1#1: signal 17 (SIGCHLD) received from 35
2022/02/10 03:01:00 [notice] 1#1: worker process 35 exited with code 0
2022/02/10 03:01:00 [notice] 1#1: signal 29 (SIGIO) received
2022/02/10 03:01:00 [notice] 1#1: signal 17 (SIGCHLD) received from 37
2022/02/10 03:01:00 [notice] 1#1: worker process 37 exited with code 0
2022/02/10 03:01:00 [notice] 1#1: signal 29 (SIGIO) received
2022/02/10 03:01:00 [notice] 1#1: signal 17 (SIGCHLD) received from 38
2022/02/10 03:01:00 [notice] 1#1: worker process 38 exited with code 0
2022/02/10 03:01:00 [notice] 1#1: signal 29 (SIGIO) received
2022/02/10 03:01:00 [notice] 1#1: signal 17 (SIGCHLD) received from 36
2022/02/10 03:01:00 [notice] 1#1: worker process 31 exited with code 0
2022/02/10 03:01:00 [notice] 1#1: worker process 33 exited with code 0
2022/02/10 03:01:00 [notice] 1#1: worker process 36 exited with code 0
2022/02/10 03:01:00 [notice] 1#1: signal 29 (SIGIO) received
2022/02/10 03:01:00 [notice] 1#1: signal 17 (SIGCHLD) received from 31
2022/02/10 03:01:00 [notice] 1#1: signal 17 (SIGCHLD) received from 34
2022/02/10 03:01:00 [notice] 1#1: worker process 34 exited with code 0
2022/02/10 03:01:00 [notice] 1#1: signal 29 (SIGIO) received
2022/02/10 03:01:00 [notice] 32#32: exiting
2022/02/10 03:01:00 [notice] 32#32: exit
2022/02/10 03:01:00 [notice] 1#1: signal 17 (SIGCHLD) received from 32
2022/02/10 03:01:00 [notice] 1#1: worker process 32 exited with code 0
2022/02/10 03:01:00 [notice] 1#1: exit
2022/02/10 03:01:16 [notice] 1#1: using the "epoll" event method
2022/02/10 03:01:16 [notice] 1#1: nginx/1.21.1
2022/02/10 03:01:16 [notice] 1#1: built by gcc 10.3.1 20210424 (Alpine 10.3.1_git20210424) 
2022/02/10 03:01:16 [notice] 1#1: OS: Linux 5.13.0-28-generic
2022/02/10 03:01:16 [notice] 1#1: getrlimit(RLIMIT_NOFILE): 1048576:1048576
2022/02/10 03:01:16 [notice] 1#1: start worker processes
2022/02/10 03:01:16 [notice] 1#1: start worker process 32
2022/02/10 03:01:16 [notice] 1#1: start worker process 33
2022/02/10 03:01:16 [notice] 1#1: start worker process 34
2022/02/10 03:01:16 [notice] 1#1: start worker process 35
2022/02/10 03:01:16 [notice] 1#1: start worker process 36
2022/02/10 03:01:16 [notice] 1#1: start worker process 37
2022/02/10 03:01:16 [notice] 1#1: start worker process 38
2022/02/10 03:01:16 [notice] 1#1: start worker process 39
2022/02/10 03:07:47 [notice] 1#1: signal 3 (SIGQUIT) received, shutting down
2022/02/10 03:07:47 [notice] 33#33: gracefully shutting down
2022/02/10 03:07:47 [notice] 34#34: gracefully shutting down
2022/02/10 03:07:47 [notice] 36#36: gracefully shutting down
2022/02/10 03:07:47 [notice] 38#38: gracefully shutting down
2022/02/10 03:07:47 [notice] 39#39: gracefully shutting down
2022/02/10 03:07:47 [notice] 34#34: exiting
2022/02/10 03:07:47 [notice] 36#36: exiting
2022/02/10 03:07:47 [notice] 39#39: exiting
2022/02/10 03:07:47 [notice] 38#38: exiting
2022/02/10 03:07:47 [notice] 33#33: exiting
2022/02/10 03:07:47 [notice] 38#38: exit
2022/02/10 03:07:47 [notice] 33#33: exit
2022/02/10 03:07:47 [notice] 39#39: exit
2022/02/10 03:07:47 [notice] 34#34: exit
2022/02/10 03:07:47 [notice] 36#36: exit
2022/02/10 03:07:47 [notice] 35#35: gracefully shutting down
2022/02/10 03:07:47 [notice] 35#35: exiting
2022/02/10 03:07:47 [notice] 35#35: exit
2022/02/10 03:07:47 [notice] 32#32: gracefully shutting down
2022/02/10 03:07:47 [notice] 37#37: gracefully shutting down
2022/02/10 03:07:47 [notice] 37#37: exiting
2022/02/10 03:07:47 [notice] 37#37: exit
2022/02/10 03:07:47 [notice] 1#1: signal 17 (SIGCHLD) received from 34
2022/02/10 03:07:47 [notice] 1#1: worker process 34 exited with code 0
2022/02/10 03:07:47 [notice] 1#1: signal 29 (SIGIO) received
2022/02/10 03:07:47 [notice] 1#1: signal 17 (SIGCHLD) received from 38
2022/02/10 03:07:47 [notice] 1#1: worker process 38 exited with code 0
2022/02/10 03:07:47 [notice] 1#1: signal 29 (SIGIO) received
2022/02/10 03:07:47 [notice] 1#1: signal 17 (SIGCHLD) received from 35
2022/02/10 03:07:47 [notice] 1#1: worker process 35 exited with code 0
2022/02/10 03:07:47 [notice] 1#1: worker process 36 exited with code 0
2022/02/10 03:07:47 [notice] 1#1: worker process 39 exited with code 0
2022/02/10 03:07:47 [notice] 1#1: signal 29 (SIGIO) received
2022/02/10 03:07:47 [notice] 1#1: signal 17 (SIGCHLD) received from 36
2022/02/10 03:07:47 [notice] 1#1: signal 17 (SIGCHLD) received from 37
2022/02/10 03:07:47 [notice] 1#1: worker process 37 exited with code 0
2022/02/10 03:07:47 [notice] 1#1: signal 29 (SIGIO) received
2022/02/10 03:07:47 [notice] 1#1: signal 17 (SIGCHLD) received from 33
2022/02/10 03:07:47 [notice] 1#1: worker process 33 exited with code 0
2022/02/10 03:07:47 [notice] 1#1: signal 29 (SIGIO) received
2022/02/10 03:07:47 [notice] 32#32: exiting
2022/02/10 03:07:47 [notice] 32#32: exit
2022/02/10 03:07:47 [notice] 1#1: signal 17 (SIGCHLD) received from 32
2022/02/10 03:07:47 [notice] 1#1: worker process 32 exited with code 0
2022/02/10 03:07:47 [notice] 1#1: exit
